<?xml version="1.0" encoding="UTF-8"?>
<!-- Generated by org.testng.reporters.JUnitReportReporter -->
<testsuite hostname="LAPTOP-FMFEKA9D" failures="0" tests="1" name="testCases.TC002_LoginTest" time="1.858" errors="0" timestamp="2024-12-09T21:02:20 IST" skipped="0">
  <testcase classname="testCases.TC002_LoginTest" name="verify_Login" time="1.858"/>
</testsuite> <!-- testCases.TC002_LoginTest -->
