<?xml version="1.0" encoding="UTF-8"?>
<!-- Generated by org.testng.reporters.JUnitReportReporter -->
<testsuite hostname="LAPTOP-FMFEKA9D" failures="0" tests="1" name="testCases.TC001_AccountRegistrationTest" time="1.854" errors="0" timestamp="2024-12-10T19:42:53 IST" skipped="0">
  <testcase classname="testCases.TC001_AccountRegistrationTest" name="verify_account_registration" time="1.854"/>
</testsuite> <!-- testCases.TC001_AccountRegistrationTest -->
